{"/Users/Pawe/pawelmaczka/redux-action-synchronizer/src/constants.js": {"path":"/Users/Pawe/pawelmaczka/redux-action-synchronizer/src/constants.js","statementMap":{"0":{"start":{"line":1,"column":34},"end":{"line":1,"column":68}},"1":{"start":{"line":2,"column":32},"end":{"line":2,"column":67}},"2":{"start":{"line":3,"column":25},"end":{"line":3,"column":61}}},"fnMap":{},"branchMap":{},"s":{"0":2,"1":2,"2":2},"f":{},"b":{},"_coverageSchema":"332fd63041d2c1bcb487cc26dd0d5f7d97098a6c","hash":"f98eae4dfbed2c466c7492475d07b8e23e195644"}
,"/Users/Pawe/pawelmaczka/redux-action-synchronizer/src/storageEventListener.js": {"path":"/Users/Pawe/pawelmaczka/redux-action-synchronizer/src/storageEventListener.js","statementMap":{"0":{"start":{"line":7,"column":36},"end":{"line":15,"column":1}},"1":{"start":{"line":7,"column":45},"end":{"line":15,"column":1}},"2":{"start":{"line":8,"column":2},"end":{"line":14,"column":3}},"3":{"start":{"line":9,"column":19},"end":{"line":9,"column":71}},"4":{"start":{"line":10,"column":4},"end":{"line":13,"column":7}},"5":{"start":{"line":18,"column":2},"end":{"line":18,"column":54}}},"fnMap":{"0":{"name":"(anonymous_0)","decl":{"start":{"line":7,"column":36},"end":{"line":7,"column":37}},"loc":{"start":{"line":7,"column":45},"end":{"line":15,"column":1}},"line":7},"1":{"name":"(anonymous_1)","decl":{"start":{"line":7,"column":45},"end":{"line":7,"column":46}},"loc":{"start":{"line":7,"column":54},"end":{"line":15,"column":1}},"line":7},"2":{"name":"createStorageEventListener","decl":{"start":{"line":17,"column":24},"end":{"line":17,"column":50}},"loc":{"start":{"line":17,"column":91},"end":{"line":19,"column":1}},"line":17}},"branchMap":{"0":{"loc":{"start":{"line":8,"column":2},"end":{"line":14,"column":3}},"type":"if","locations":[{"start":{"line":8,"column":2},"end":{"line":14,"column":3}},{"start":{"line":8,"column":2},"end":{"line":14,"column":3}}],"line":8},"1":{"loc":{"start":{"line":8,"column":6},"end":{"line":8,"column":54}},"type":"binary-expr","locations":[{"start":{"line":8,"column":6},"end":{"line":8,"column":36}},{"start":{"line":8,"column":40},"end":{"line":8,"column":54}}],"line":8},"2":{"loc":{"start":{"line":17,"column":58},"end":{"line":17,"column":89}},"type":"default-arg","locations":[{"start":{"line":17,"column":69},"end":{"line":17,"column":89}}],"line":17}},"s":{"0":1,"1":3,"2":2,"3":1,"4":1,"5":2},"f":{"0":3,"1":2,"2":2},"b":{"0":[1,1],"1":[2,1],"2":[1]},"_coverageSchema":"332fd63041d2c1bcb487cc26dd0d5f7d97098a6c","hash":"069cfc2f516670fe238129ac9aff306583b74992"}
,"/Users/Pawe/pawelmaczka/redux-action-synchronizer/src/storageMiddleware.js": {"path":"/Users/Pawe/pawelmaczka/redux-action-synchronizer/src/storageMiddleware.js","statementMap":{"0":{"start":{"line":7,"column":20},"end":{"line":7,"column":81}},"1":{"start":{"line":7,"column":26},"end":{"line":7,"column":81}},"2":{"start":{"line":10,"column":2},"end":{"line":10,"column":67}},"3":{"start":{"line":11,"column":2},"end":{"line":11,"column":49}},"4":{"start":{"line":15,"column":2},"end":{"line":17,"column":3}},"5":{"start":{"line":16,"column":4},"end":{"line":16,"column":76}},"6":{"start":{"line":19,"column":2},"end":{"line":21,"column":3}},"7":{"start":{"line":20,"column":4},"end":{"line":20,"column":76}},"8":{"start":{"line":23,"column":2},"end":{"line":25,"column":3}},"9":{"start":{"line":23,"column":46},"end":{"line":23,"column":105}},"10":{"start":{"line":24,"column":4},"end":{"line":24,"column":116}},"11":{"start":{"line":27,"column":2},"end":{"line":29,"column":3}},"12":{"start":{"line":27,"column":46},"end":{"line":27,"column":105}},"13":{"start":{"line":28,"column":4},"end":{"line":28,"column":116}},"14":{"start":{"line":32,"column":32},"end":{"line":34,"column":2}},"15":{"start":{"line":32,"column":55},"end":{"line":34,"column":2}},"16":{"start":{"line":33,"column":2},"end":{"line":33,"column":49}},"17":{"start":{"line":41,"column":2},"end":{"line":41,"column":39}},"18":{"start":{"line":43,"column":29},"end":{"line":43,"column":94}},"19":{"start":{"line":43,"column":68},"end":{"line":43,"column":93}},"20":{"start":{"line":44,"column":29},"end":{"line":44,"column":94}},"21":{"start":{"line":44,"column":68},"end":{"line":44,"column":93}},"22":{"start":{"line":47,"column":2},"end":{"line":69,"column":4}},"23":{"start":{"line":47,"column":15},"end":{"line":69,"column":3}},"24":{"start":{"line":47,"column":23},"end":{"line":69,"column":3}},"25":{"start":{"line":48,"column":24},"end":{"line":50,"column":5}},"26":{"start":{"line":52,"column":24},"end":{"line":54,"column":5}},"27":{"start":{"line":56,"column":4},"end":{"line":66,"column":5}},"28":{"start":{"line":57,"column":6},"end":{"line":65,"column":7}},"29":{"start":{"line":62,"column":10},"end":{"line":62,"column":29}},"30":{"start":{"line":63,"column":10},"end":{"line":63,"column":16}},"31":{"start":{"line":64,"column":17},"end":{"line":64,"column":23}},"32":{"start":{"line":68,"column":4},"end":{"line":68,"column":17}}},"fnMap":{"0":{"name":"(anonymous_0)","decl":{"start":{"line":7,"column":20},"end":{"line":7,"column":21}},"loc":{"start":{"line":7,"column":26},"end":{"line":7,"column":81}},"line":7},"1":{"name":"syncViaLocalStorage","decl":{"start":{"line":9,"column":16},"end":{"line":9,"column":35}},"loc":{"start":{"line":9,"column":44},"end":{"line":12,"column":1}},"line":9},"2":{"name":"validateParams","decl":{"start":{"line":14,"column":16},"end":{"line":14,"column":30}},"loc":{"start":{"line":14,"column":53},"end":{"line":30,"column":1}},"line":14},"3":{"name":"(anonymous_3)","decl":{"start":{"line":23,"column":34},"end":{"line":23,"column":35}},"loc":{"start":{"line":23,"column":46},"end":{"line":23,"column":105}},"line":23},"4":{"name":"(anonymous_4)","decl":{"start":{"line":27,"column":34},"end":{"line":27,"column":35}},"loc":{"start":{"line":27,"column":46},"end":{"line":27,"column":105}},"line":27},"5":{"name":"(anonymous_5)","decl":{"start":{"line":32,"column":32},"end":{"line":32,"column":33}},"loc":{"start":{"line":32,"column":55},"end":{"line":34,"column":2}},"line":32},"6":{"name":"(anonymous_6)","decl":{"start":{"line":32,"column":72},"end":{"line":32,"column":73}},"loc":{"start":{"line":33,"column":2},"end":{"line":33,"column":49}},"line":33},"7":{"name":"createStorageMiddleware","decl":{"start":{"line":36,"column":24},"end":{"line":36,"column":47}},"loc":{"start":{"line":40,"column":8},"end":{"line":70,"column":1}},"line":40},"8":{"name":"(anonymous_8)","decl":{"start":{"line":43,"column":57},"end":{"line":43,"column":58}},"loc":{"start":{"line":43,"column":68},"end":{"line":43,"column":93}},"line":43},"9":{"name":"(anonymous_9)","decl":{"start":{"line":44,"column":57},"end":{"line":44,"column":58}},"loc":{"start":{"line":44,"column":68},"end":{"line":44,"column":93}},"line":44},"10":{"name":"(anonymous_10)","decl":{"start":{"line":47,"column":9},"end":{"line":47,"column":10}},"loc":{"start":{"line":47,"column":15},"end":{"line":69,"column":3}},"line":47},"11":{"name":"(anonymous_11)","decl":{"start":{"line":47,"column":15},"end":{"line":47,"column":16}},"loc":{"start":{"line":47,"column":23},"end":{"line":69,"column":3}},"line":47},"12":{"name":"(anonymous_12)","decl":{"start":{"line":47,"column":23},"end":{"line":47,"column":24}},"loc":{"start":{"line":47,"column":33},"end":{"line":69,"column":3}},"line":47}},"branchMap":{"0":{"loc":{"start":{"line":15,"column":2},"end":{"line":17,"column":3}},"type":"if","locations":[{"start":{"line":15,"column":2},"end":{"line":17,"column":3}},{"start":{"line":15,"column":2},"end":{"line":17,"column":3}}],"line":15},"1":{"loc":{"start":{"line":15,"column":6},"end":{"line":15,"column":48}},"type":"binary-expr","locations":[{"start":{"line":15,"column":6},"end":{"line":15,"column":15}},{"start":{"line":15,"column":19},"end":{"line":15,"column":48}}],"line":15},"2":{"loc":{"start":{"line":19,"column":2},"end":{"line":21,"column":3}},"type":"if","locations":[{"start":{"line":19,"column":2},"end":{"line":21,"column":3}},{"start":{"line":19,"column":2},"end":{"line":21,"column":3}}],"line":19},"3":{"loc":{"start":{"line":19,"column":6},"end":{"line":19,"column":48}},"type":"binary-expr","locations":[{"start":{"line":19,"column":6},"end":{"line":19,"column":15}},{"start":{"line":19,"column":19},"end":{"line":19,"column":48}}],"line":19},"4":{"loc":{"start":{"line":23,"column":2},"end":{"line":25,"column":3}},"type":"if","locations":[{"start":{"line":23,"column":2},"end":{"line":25,"column":3}},{"start":{"line":23,"column":2},"end":{"line":25,"column":3}}],"line":23},"5":{"loc":{"start":{"line":23,"column":6},"end":{"line":23,"column":107}},"type":"binary-expr","locations":[{"start":{"line":23,"column":6},"end":{"line":23,"column":15}},{"start":{"line":23,"column":19},"end":{"line":23,"column":107}}],"line":23},"6":{"loc":{"start":{"line":23,"column":48},"end":{"line":23,"column":104}},"type":"binary-expr","locations":[{"start":{"line":23,"column":48},"end":{"line":23,"column":75}},{"start":{"line":23,"column":79},"end":{"line":23,"column":104}}],"line":23},"7":{"loc":{"start":{"line":27,"column":2},"end":{"line":29,"column":3}},"type":"if","locations":[{"start":{"line":27,"column":2},"end":{"line":29,"column":3}},{"start":{"line":27,"column":2},"end":{"line":29,"column":3}}],"line":27},"8":{"loc":{"start":{"line":27,"column":6},"end":{"line":27,"column":107}},"type":"binary-expr","locations":[{"start":{"line":27,"column":6},"end":{"line":27,"column":15}},{"start":{"line":27,"column":19},"end":{"line":27,"column":107}}],"line":27},"9":{"loc":{"start":{"line":27,"column":48},"end":{"line":27,"column":104}},"type":"binary-expr","locations":[{"start":{"line":27,"column":48},"end":{"line":27,"column":75}},{"start":{"line":27,"column":79},"end":{"line":27,"column":104}}],"line":27},"10":{"loc":{"start":{"line":33,"column":2},"end":{"line":33,"column":49}},"type":"binary-expr","locations":[{"start":{"line":33,"column":2},"end":{"line":33,"column":27}},{"start":{"line":33,"column":31},"end":{"line":33,"column":49}}],"line":33},"11":{"loc":{"start":{"line":36,"column":48},"end":{"line":40,"column":6}},"type":"default-arg","locations":[{"start":{"line":40,"column":4},"end":{"line":40,"column":6}}],"line":36},"12":{"loc":{"start":{"line":39,"column":2},"end":{"line":39,"column":34}},"type":"default-arg","locations":[{"start":{"line":39,"column":15},"end":{"line":39,"column":34}}],"line":39},"13":{"loc":{"start":{"line":43,"column":29},"end":{"line":43,"column":94}},"type":"binary-expr","locations":[{"start":{"line":43,"column":29},"end":{"line":43,"column":38}},{"start":{"line":43,"column":42},"end":{"line":43,"column":94}}],"line":43},"14":{"loc":{"start":{"line":44,"column":29},"end":{"line":44,"column":94}},"type":"binary-expr","locations":[{"start":{"line":44,"column":29},"end":{"line":44,"column":38}},{"start":{"line":44,"column":42},"end":{"line":44,"column":94}}],"line":44},"15":{"loc":{"start":{"line":48,"column":24},"end":{"line":50,"column":5}},"type":"binary-expr","locations":[{"start":{"line":48,"column":24},"end":{"line":48,"column":33}},{"start":{"line":49,"column":6},"end":{"line":49,"column":37}},{"start":{"line":49,"column":42},"end":{"line":49,"column":60}},{"start":{"line":49,"column":64},"end":{"line":49,"column":104}}],"line":48},"16":{"loc":{"start":{"line":52,"column":24},"end":{"line":54,"column":5}},"type":"binary-expr","locations":[{"start":{"line":52,"column":24},"end":{"line":52,"column":33}},{"start":{"line":53,"column":6},"end":{"line":53,"column":37}},{"start":{"line":53,"column":42},"end":{"line":53,"column":60}},{"start":{"line":53,"column":64},"end":{"line":53,"column":104}}],"line":52},"17":{"loc":{"start":{"line":56,"column":4},"end":{"line":66,"column":5}},"type":"if","locations":[{"start":{"line":56,"column":4},"end":{"line":66,"column":5}},{"start":{"line":56,"column":4},"end":{"line":66,"column":5}}],"line":56},"18":{"loc":{"start":{"line":57,"column":6},"end":{"line":65,"column":7}},"type":"switch","locations":[{"start":{"line":58,"column":8},"end":{"line":58,"column":41}},{"start":{"line":59,"column":8},"end":{"line":59,"column":56}},{"start":{"line":60,"column":8},"end":{"line":60,"column":42}},{"start":{"line":61,"column":8},"end":{"line":63,"column":16}},{"start":{"line":64,"column":8},"end":{"line":64,"column":23}}],"line":57},"19":{"loc":{"start":{"line":58,"column":14},"end":{"line":58,"column":39}},"type":"binary-expr","locations":[{"start":{"line":58,"column":14},"end":{"line":58,"column":24}},{"start":{"line":58,"column":28},"end":{"line":58,"column":39}}],"line":58},"20":{"loc":{"start":{"line":59,"column":14},"end":{"line":59,"column":54}},"type":"binary-expr","locations":[{"start":{"line":59,"column":14},"end":{"line":59,"column":23}},{"start":{"line":59,"column":27},"end":{"line":59,"column":38}},{"start":{"line":59,"column":42},"end":{"line":59,"column":54}}],"line":59},"21":{"loc":{"start":{"line":60,"column":14},"end":{"line":60,"column":40}},"type":"binary-expr","locations":[{"start":{"line":60,"column":14},"end":{"line":60,"column":24}},{"start":{"line":60,"column":28},"end":{"line":60,"column":40}}],"line":60},"22":{"loc":{"start":{"line":61,"column":14},"end":{"line":61,"column":38}},"type":"binary-expr","locations":[{"start":{"line":61,"column":14},"end":{"line":61,"column":24}},{"start":{"line":61,"column":28},"end":{"line":61,"column":38}}],"line":61}},"s":{"0":1,"1":10,"2":4,"3":4,"4":39,"5":1,"6":38,"7":1,"8":37,"9":24,"10":11,"11":26,"12":24,"13":11,"14":1,"15":18,"16":26,"17":39,"18":15,"19":12,"20":15,"21":12,"22":15,"23":15,"24":15,"25":35,"26":35,"27":35,"28":34,"29":15,"30":15,"31":19,"32":35},"f":{"0":10,"1":4,"2":39,"3":24,"4":24,"5":18,"6":26,"7":39,"8":12,"9":12,"10":15,"11":15,"12":35},"b":{"0":[1,38],"1":[39,21],"2":[1,37],"3":[38,20],"4":[11,26],"5":[37,20],"6":[24,13],"7":[11,15],"8":[26,19],"9":[24,13],"10":[26,18],"11":[2],"12":[30],"13":[15,9],"14":[15,8],"15":[35,23,15,7],"16":[35,20,12,7],"17":[34,1],"18":[6,10,15,15,19],"19":[34,14],"20":[28,20,7],"21":[24,11],"22":[19,6]},"_coverageSchema":"332fd63041d2c1bcb487cc26dd0d5f7d97098a6c","hash":"0f55b680650e91fff3ffb983fe103641554e8ac5"}
}
