TN:
SF:/Users/Pawe/pawelmaczka/redux-action-synchronizer/src/constants.js
FNF:0
FNH:0
DA:1,2
DA:2,2
DA:3,2
LF:3
LH:3
BRF:0
BRH:0
end_of_record
TN:
SF:/Users/Pawe/pawelmaczka/redux-action-synchronizer/src/storageEventListener.js
FN:7,(anonymous_0)
FN:7,(anonymous_1)
FN:17,createStorageEventListener
FNF:3
FNH:3
FNDA:3,(anonymous_0)
FNDA:2,(anonymous_1)
FNDA:2,createStorageEventListener
DA:7,3
DA:8,2
DA:9,1
DA:10,1
DA:18,2
LF:5
LH:5
BRDA:8,0,0,1
BRDA:8,0,1,1
BRDA:8,1,0,2
BRDA:8,1,1,1
BRDA:17,2,0,1
BRF:5
BRH:5
end_of_record
TN:
SF:/Users/Pawe/pawelmaczka/redux-action-synchronizer/src/storageMiddleware.js
FN:7,(anonymous_0)
FN:9,syncViaLocalStorage
FN:14,validateParams
FN:23,(anonymous_3)
FN:27,(anonymous_4)
FN:32,(anonymous_5)
FN:32,(anonymous_6)
FN:36,createStorageMiddleware
FN:43,(anonymous_8)
FN:44,(anonymous_9)
FN:47,(anonymous_10)
FN:47,(anonymous_11)
FN:47,(anonymous_12)
FNF:13
FNH:13
FNDA:10,(anonymous_0)
FNDA:4,syncViaLocalStorage
FNDA:39,validateParams
FNDA:24,(anonymous_3)
FNDA:24,(anonymous_4)
FNDA:18,(anonymous_5)
FNDA:26,(anonymous_6)
FNDA:39,createStorageMiddleware
FNDA:12,(anonymous_8)
FNDA:12,(anonymous_9)
FNDA:15,(anonymous_10)
FNDA:15,(anonymous_11)
FNDA:35,(anonymous_12)
DA:7,10
DA:10,4
DA:11,4
DA:15,39
DA:16,1
DA:19,38
DA:20,1
DA:23,37
DA:24,11
DA:27,26
DA:28,11
DA:32,18
DA:33,26
DA:41,39
DA:43,15
DA:44,15
DA:47,15
DA:48,35
DA:52,35
DA:56,35
DA:57,34
DA:62,15
DA:63,15
DA:64,19
DA:68,35
LF:25
LH:25
BRDA:15,0,0,1
BRDA:15,0,1,38
BRDA:15,1,0,39
BRDA:15,1,1,21
BRDA:19,2,0,1
BRDA:19,2,1,37
BRDA:19,3,0,38
BRDA:19,3,1,20
BRDA:23,4,0,11
BRDA:23,4,1,26
BRDA:23,5,0,37
BRDA:23,5,1,20
BRDA:23,6,0,24
BRDA:23,6,1,13
BRDA:27,7,0,11
BRDA:27,7,1,15
BRDA:27,8,0,26
BRDA:27,8,1,19
BRDA:27,9,0,24
BRDA:27,9,1,13
BRDA:33,10,0,26
BRDA:33,10,1,18
BRDA:36,11,0,2
BRDA:39,12,0,30
BRDA:43,13,0,15
BRDA:43,13,1,9
BRDA:44,14,0,15
BRDA:44,14,1,8
BRDA:48,15,0,35
BRDA:48,15,1,23
BRDA:48,15,2,15
BRDA:48,15,3,7
BRDA:52,16,0,35
BRDA:52,16,1,20
BRDA:52,16,2,12
BRDA:52,16,3,7
BRDA:56,17,0,34
BRDA:56,17,1,1
BRDA:57,18,0,6
BRDA:57,18,1,10
BRDA:57,18,2,15
BRDA:57,18,3,15
BRDA:57,18,4,19
BRDA:58,19,0,34
BRDA:58,19,1,14
BRDA:59,20,0,28
BRDA:59,20,1,20
BRDA:59,20,2,7
BRDA:60,21,0,24
BRDA:60,21,1,11
BRDA:61,22,0,19
BRDA:61,22,1,6
BRF:52
BRH:52
end_of_record
